<?xml version="1.0" encoding="UTF-8"?>
<!-- Generated by org.testng.reporters.JUnitXMLReporter -->
<testsuite ignored="0" hostname="LAPTOP-T3PLNMVP" failures="0" tests="3" name="Default test" time="0.048" errors="0" timestamp="2024-01-04T09:19:22 IST">
  <testcase classname="testng_package.Depend_method" name="f" time="0.007"/>
  <testcase classname="testng_package.Depend_method" name="f3" time="0.001"/>
  <testcase classname="testng_package.Depend_method" name="f2" time="0.001"/>
</testsuite> <!-- Default test -->
