<?xml version="1.0" encoding="UTF-8"?>
<testng-results ignored="0" total="3" passed="3" failed="0" skipped="0">
  <reporter-output>
  </reporter-output>
  <suite started-at="2024-01-04T09:19:22 IST" name="Default suite" finished-at="2024-01-04T09:19:22 IST" duration-ms="48">
    <groups>
    </groups>
    <test started-at="2024-01-04T09:19:22 IST" name="Default test" finished-at="2024-01-04T09:19:22 IST" duration-ms="48">
      <class name="testng_package.Depend_method">
        <test-method signature="f()[pri:0, instance:testng_package.Depend_method@71def8f8]" started-at="2024-01-04T09:19:22 IST" name="f" finished-at="2024-01-04T09:19:22 IST" duration-ms="7" status="PASS">
          <reporter-output>
          </reporter-output>
        </test-method> <!-- f -->
        <test-method signature="f3()[pri:0, instance:testng_package.Depend_method@71def8f8]" started-at="2024-01-04T09:19:22 IST" name="f3" finished-at="2024-01-04T09:19:22 IST" duration-ms="1" status="PASS">
          <reporter-output>
          </reporter-output>
        </test-method> <!-- f3 -->
        <test-method signature="f2()[pri:0, instance:testng_package.Depend_method@71def8f8]" started-at="2024-01-04T09:19:22 IST" name="f2" finished-at="2024-01-04T09:19:22 IST" depends-on-methods="testng_package.Depend_method.f" duration-ms="1" status="PASS">
          <reporter-output>
          </reporter-output>
        </test-method> <!-- f2 -->
      </class> <!-- testng_package.Depend_method -->
    </test> <!-- Default test -->
  </suite> <!-- Default suite -->
</testng-results>
